# JRE version: Java(TM) SE Runtime Environment (17.0.8+9) (build 17.0.8+9-LTS-211)
# Java VM: Java HotSpot(TM) 64-Bit Server VM (17.0.8+9-LTS-211, mixed mode, sharing, tiered, compressed oops, compressed class ptrs, g1 gc, windows-amd64)
GC Precious Log:
 CPUs: 8 total, 8 available
 Memory: 7979M
 Large Page Support: Disabled
 NUMA Support: Disabled
 Compressed Oops: Enabled (32-bit)
 Heap Region Size: 1M
 Heap Min Capacity: 8M
 Heap Initial Capacity: 126M
 Heap Max Capacity: 1996M
 Pre-touch: Disabled
 Parallel Workers: 8
 Concurrent Workers: 2
 Concurrent Refinement Workers: 8
 Periodic GC: Disabled
Heap:
 garbage-first heap   total 129024K, used 6897K [0x0000000083400000, 0x0000000100000000)
  region size 1024K, 5 young (5120K), 2 survivors (2048K)
 Metaspace       used 10976K, committed 11200K, reserved 1114112K
  class space    used 868K, committed 960K, reserved 1048576K
GC Heap History (6 events):
Event: 5.903 GC heap before
{Heap before GC invocations=0 (full 0):
 garbage-first heap   total 129024K, used 22528K [0x0000000083400000, 0x0000000100000000)
  region size 1024K, 23 young (23552K), 0 survivors (0K)
 Metaspace       used 9573K, committed 9728K, reserved 1114112K
  class space    used 830K, committed 896K, reserved 1048576K
}
Event: 5.917 GC heap after
{Heap after GC invocations=1 (full 0):
 garbage-first heap   total 129024K, used 3568K [0x0000000083400000, 0x0000000100000000)
  region size 1024K, 3 young (3072K), 3 survivors (3072K)
 Metaspace       used 9573K, committed 9728K, reserved 1114112K
  class space    used 830K, committed 896K, reserved 1048576K
}
Event: 5.951 GC heap before
{Heap before GC invocations=1 (full 0):
 garbage-first heap   total 129024K, used 35312K [0x0000000083400000, 0x0000000100000000)
  region size 1024K, 34 young (34816K), 3 survivors (3072K)
 Metaspace       used 9583K, committed 9728K, reserved 1114112K
  class space    used 831K, committed 896K, reserved 1048576K
}
Event: 5.958 GC heap after
{Heap after GC invocations=2 (full 0):
 garbage-first heap   total 129024K, used 3944K [0x0000000083400000, 0x0000000100000000)
  region size 1024K, 1 young (1024K), 1 survivors (1024K)
 Metaspace       used 9583K, committed 9728K, reserved 1114112K
  class space    used 831K, committed 896K, reserved 1048576K
}
Event: 32.822 GC heap before
{Heap before GC invocations=2 (full 0):
 garbage-first heap   total 129024K, used 79720K [0x0000000083400000, 0x0000000100000000)
  region size 1024K, 75 young (76800K), 1 survivors (1024K)
 Metaspace       used 10951K, committed 11200K, reserved 1114112K
  class space    used 867K, committed 960K, reserved 1048576K
}
Event: 32.825 GC heap after
{Heap after GC invocations=3 (full 0):
 garbage-first heap   total 129024K, used 4849K [0x0000000083400000, 0x0000000100000000)
  region size 1024K, 2 young (2048K), 2 survivors (2048K)
 Metaspace       used 10951K, committed 11200K, reserved 1114112K
  class space    used 867K, committed 960K, reserved 1048576K
}

